2024-08-05T21:35:20.840303Z 0 [Warning] [MY-010097] [Server] Insecure configuration for --secure-file-priv: Current value does not restrict location of generated files. Consider setting it to a valid, non-empty path.
2024-08-05T21:35:20.840430Z 0 [Warning] [MY-010918] [Server] 'default_authentication_plugin' is deprecated and will be removed in a future release. Please use authentication_policy instead.
2024-08-05T21:35:20.840482Z 0 [System] [MY-010116] [Server] C:\laragon\bin\mysql\mysql-8.0.30-winx64\bin\mysqld (mysqld 8.0.30) starting as process 5004
2024-08-05T21:35:20.896548Z 1 [ERROR] [MY-011011] [Server] Failed to find valid data directory.
2024-08-05T21:35:20.898691Z 0 [ERROR] [MY-010020] [Server] Data Dictionary initialization failed.
2024-08-05T21:35:20.900084Z 0 [ERROR] [MY-010119] [Server] Aborting
2024-08-05T21:35:20.906499Z 0 [System] [MY-010910] [Server] C:\laragon\bin\mysql\mysql-8.0.30-winx64\bin\mysqld: Shutdown complete (mysqld 8.0.30)  MySQL Community Server - GPL.
2024-08-05T21:35:30.708480Z 0 [Warning] [MY-010097] [Server] Insecure configuration for --secure-file-priv: Current value does not restrict location of generated files. Consider setting it to a valid, non-empty path.
2024-08-05T21:35:30.708556Z 0 [Warning] [MY-010918] [Server] 'default_authentication_plugin' is deprecated and will be removed in a future release. Please use authentication_policy instead.
2024-08-05T21:35:30.708595Z 0 [System] [MY-010116] [Server] C:\laragon\bin\mysql\mysql-8.0.30-winx64\bin\mysqld (mysqld 8.0.30) starting as process 9856
2024-08-05T21:35:30.736494Z 1 [ERROR] [MY-011011] [Server] Failed to find valid data directory.
2024-08-05T21:35:30.737198Z 0 [ERROR] [MY-010020] [Server] Data Dictionary initialization failed.
2024-08-05T21:35:30.737614Z 0 [ERROR] [MY-010119] [Server] Aborting
2024-08-05T21:35:30.742043Z 0 [System] [MY-010910] [Server] C:\laragon\bin\mysql\mysql-8.0.30-winx64\bin\mysqld: Shutdown complete (mysqld 8.0.30)  MySQL Community Server - GPL.
2024-08-05T21:42:16.132692Z 0 [Warning] [MY-010097] [Server] Insecure configuration for --secure-file-priv: Current value does not restrict location of generated files. Consider setting it to a valid, non-empty path.
2024-08-05T21:42:16.132754Z 0 [Warning] [MY-010918] [Server] 'default_authentication_plugin' is deprecated and will be removed in a future release. Please use authentication_policy instead.
2024-08-05T21:42:16.132785Z 0 [System] [MY-010116] [Server] C:\laragon\bin\mysql\mysql-8.0.30-winx64\bin\mysqld (mysqld 8.0.30) starting as process 14092
2024-08-05T21:42:16.155184Z 1 [ERROR] [MY-011011] [Server] Failed to find valid data directory.
2024-08-05T21:42:16.155798Z 0 [ERROR] [MY-010020] [Server] Data Dictionary initialization failed.
2024-08-05T21:42:16.156151Z 0 [ERROR] [MY-010119] [Server] Aborting
2024-08-05T21:42:16.160413Z 0 [System] [MY-010910] [Server] C:\laragon\bin\mysql\mysql-8.0.30-winx64\bin\mysqld: Shutdown complete (mysqld 8.0.30)  MySQL Community Server - GPL.
2024-08-05T21:42:26.107968Z 0 [Warning] [MY-010097] [Server] Insecure configuration for --secure-file-priv: Current value does not restrict location of generated files. Consider setting it to a valid, non-empty path.
2024-08-05T21:42:26.108023Z 0 [Warning] [MY-010918] [Server] 'default_authentication_plugin' is deprecated and will be removed in a future release. Please use authentication_policy instead.
2024-08-05T21:42:26.108052Z 0 [System] [MY-010116] [Server] C:\laragon\bin\mysql\mysql-8.0.30-winx64\bin\mysqld (mysqld 8.0.30) starting as process 8464
2024-08-05T21:42:26.144759Z 1 [ERROR] [MY-011011] [Server] Failed to find valid data directory.
2024-08-05T21:42:26.145400Z 0 [ERROR] [MY-010020] [Server] Data Dictionary initialization failed.
2024-08-05T21:42:26.145726Z 0 [ERROR] [MY-010119] [Server] Aborting
2024-08-05T21:42:26.149308Z 0 [System] [MY-010910] [Server] C:\laragon\bin\mysql\mysql-8.0.30-winx64\bin\mysqld: Shutdown complete (mysqld 8.0.30)  MySQL Community Server - GPL.
